# JRE version: OpenJDK Runtime Environment Temurin-17.0.4.1+1 (17.0.4.1+1) (build 17.0.4.1+1)
# Java VM: OpenJDK 64-Bit Server VM Temurin-17.0.4.1+1 (17.0.4.1+1, mixed mode, tiered, compressed oops, compressed class ptrs, parallel gc, linux-amd64)
GC Precious Log:
 CPUs: 8 total, 8 available
 Memory: 30009M
 Large Page Support: Disabled
 NUMA Support: Disabled
 Compressed Oops: Enabled (32-bit)
 Alignments: Space 512K, Generation 512K, Heap 2M
 Heap Min Capacity: 100M
 Heap Initial Capacity: 100M
 Heap Max Capacity: 1G
 Pre-touch: Disabled
 Parallel Workers: 8
Heap:
 PSYoungGen      total 9216K, used 5929K [0x00000000eab00000, 0x00000000eb700000, 0x0000000100000000)
  eden space 6144K, 53% used [0x00000000eab00000,0x00000000eae38b50,0x00000000eb100000)
  from space 3072K, 85% used [0x00000000eb100000,0x00000000eb391c40,0x00000000eb400000)
  to   space 3072K, 0% used [0x00000000eb400000,0x00000000eb400000,0x00000000eb700000)
 ParOldGen       total 337920K, used 281474K [0x00000000c0000000, 0x00000000d4a00000, 0x00000000eab00000)
  object space 337920K, 83% used [0x00000000c0000000,0x00000000d12e0860,0x00000000d4a00000)
 Metaspace       used 88013K, committed 89280K, reserved 1130496K
  class space    used 8945K, committed 9536K, reserved 1048576K
GC Heap History (20 events):
Event: 2769,784 GC heap before
{Heap before GC invocations=219 (full 12):
 PSYoungGen      total 9728K, used 9383K [0x00000000eab00000, 0x00000000eb800000, 0x0000000100000000)
  eden space 6144K, 100% used [0x00000000eab00000,0x00000000eb100000,0x00000000eb100000)
  from space 3584K, 90% used [0x00000000eb180000,0x00000000eb4a9c40,0x00000000eb500000)
  to   space 3072K, 0% used [0x00000000eb500000,0x00000000eb500000,0x00000000eb800000)
 ParOldGen       total 337920K, used 273462K [0x00000000c0000000, 0x00000000d4a00000, 0x00000000eab00000)
  object space 337920K, 80% used [0x00000000c0000000,0x00000000d0b0d8f0,0x00000000d4a00000)
 Metaspace       used 87950K, committed 89216K, reserved 1130496K
  class space    used 8940K, committed 9536K, reserved 1048576K
}
Event: 2769,787 GC heap after
{Heap after GC invocations=219 (full 12):
 PSYoungGen      total 8192K, used 2016K [0x00000000eab00000, 0x00000000eb700000, 0x0000000100000000)
  eden space 6144K, 0% used [0x00000000eab00000,0x00000000eab00000,0x00000000eb100000)
  from space 2048K, 98% used [0x00000000eb500000,0x00000000eb6f8020,0x00000000eb700000)
  to   space 2560K, 0% used [0x00000000eb200000,0x00000000eb200000,0x00000000eb480000)
 ParOldGen       total 337920K, used 274693K [0x00000000c0000000, 0x00000000d4a00000, 0x00000000eab00000)
  object space 337920K, 81% used [0x00000000c0000000,0x00000000d0c41520,0x00000000d4a00000)
 Metaspace       used 87950K, committed 89216K, reserved 1130496K
  class space    used 8940K, committed 9536K, reserved 1048576K
}
Event: 2772,169 GC heap before
{Heap before GC invocations=220 (full 12):
 PSYoungGen      total 8192K, used 8160K [0x00000000eab00000, 0x00000000eb700000, 0x0000000100000000)
  eden space 6144K, 100% used [0x00000000eab00000,0x00000000eb100000,0x00000000eb100000)
  from space 2048K, 98% used [0x00000000eb500000,0x00000000eb6f8020,0x00000000eb700000)
  to   space 2560K, 0% used [0x00000000eb200000,0x00000000eb200000,0x00000000eb480000)
 ParOldGen       total 337920K, used 274693K [0x00000000c0000000, 0x00000000d4a00000, 0x00000000eab00000)
  object space 337920K, 81% used [0x00000000c0000000,0x00000000d0c41520,0x00000000d4a00000)
 Metaspace       used 87961K, committed 89280K, reserved 1130496K
  class space    used 8940K, committed 9536K, reserved 1048576K
}
Event: 2772,172 GC heap after
{Heap after GC invocations=220 (full 12):
 PSYoungGen      total 8704K, used 2551K [0x00000000eab00000, 0x00000000eb900000, 0x0000000100000000)
  eden space 6144K, 0% used [0x00000000eab00000,0x00000000eab00000,0x00000000eb100000)
  from space 2560K, 99% used [0x00000000eb200000,0x00000000eb47dc30,0x00000000eb480000)
  to   space 4096K, 0% used [0x00000000eb500000,0x00000000eb500000,0x00000000eb900000)
 ParOldGen       total 337920K, used 275513K [0x00000000c0000000, 0x00000000d4a00000, 0x00000000eab00000)
  object space 337920K, 81% used [0x00000000c0000000,0x00000000d0d0e7b0,0x00000000d4a00000)
 Metaspace       used 87961K, committed 89280K, reserved 1130496K
  class space    used 8940K, committed 9536K, reserved 1048576K
}
Event: 2772,409 GC heap before
{Heap before GC invocations=221 (full 12):
 PSYoungGen      total 8704K, used 8684K [0x00000000eab00000, 0x00000000eb900000, 0x0000000100000000)
  eden space 6144K, 99% used [0x00000000eab00000,0x00000000eb0fd528,0x00000000eb100000)
  from space 2560K, 99% used [0x00000000eb200000,0x00000000eb47dc30,0x00000000eb480000)
  to   space 4096K, 0% used [0x00000000eb500000,0x00000000eb500000,0x00000000eb900000)
 ParOldGen       total 337920K, used 275513K [0x00000000c0000000, 0x00000000d4a00000, 0x00000000eab00000)
  object space 337920K, 81% used [0x00000000c0000000,0x00000000d0d0e7b0,0x00000000d4a00000)
 Metaspace       used 87963K, committed 89280K, reserved 1130496K
  class space    used 8940K, committed 9536K, reserved 1048576K
}
Event: 2772,411 GC heap after
{Heap after GC invocations=221 (full 12):
 PSYoungGen      total 7168K, used 784K [0x00000000eab00000, 0x00000000eb600000, 0x0000000100000000)
  eden space 6144K, 0% used [0x00000000eab00000,0x00000000eab00000,0x00000000eb100000)
  from space 1024K, 76% used [0x00000000eb500000,0x00000000eb5c4010,0x00000000eb600000)
  to   space 2048K, 0% used [0x00000000eb200000,0x00000000eb200000,0x00000000eb400000)
 ParOldGen       total 337920K, used 275771K [0x00000000c0000000, 0x00000000d4a00000, 0x00000000eab00000)
  object space 337920K, 81% used [0x00000000c0000000,0x00000000d0d4eea0,0x00000000d4a00000)
 Metaspace       used 87963K, committed 89280K, reserved 1130496K
  class space    used 8940K, committed 9536K, reserved 1048576K
}
Event: 2772,701 GC heap before
{Heap before GC invocations=222 (full 12):
 PSYoungGen      total 7168K, used 6928K [0x00000000eab00000, 0x00000000eb600000, 0x0000000100000000)
  eden space 6144K, 100% used [0x00000000eab00000,0x00000000eb100000,0x00000000eb100000)
  from space 1024K, 76% used [0x00000000eb500000,0x00000000eb5c4010,0x00000000eb600000)
  to   space 2048K, 0% used [0x00000000eb200000,0x00000000eb200000,0x00000000eb400000)
 ParOldGen       total 337920K, used 275771K [0x00000000c0000000, 0x00000000d4a00000, 0x00000000eab00000)
  object space 337920K, 81% used [0x00000000c0000000,0x00000000d0d4eea0,0x00000000d4a00000)
 Metaspace       used 88007K, committed 89280K, reserved 1130496K
  class space    used 8945K, committed 9536K, reserved 1048576K
}
Event: 2772,703 GC heap after
{Heap after GC invocations=222 (full 12):
 PSYoungGen      total 8192K, used 1008K [0x00000000eab00000, 0x00000000eb580000, 0x0000000100000000)
  eden space 6144K, 0% used [0x00000000eab00000,0x00000000eab00000,0x00000000eb100000)
  from space 2048K, 49% used [0x00000000eb200000,0x00000000eb2fc010,0x00000000eb400000)
  to   space 1536K, 0% used [0x00000000eb400000,0x00000000eb400000,0x00000000eb580000)
 ParOldGen       total 337920K, used 275771K [0x00000000c0000000, 0x00000000d4a00000, 0x00000000eab00000)
  object space 337920K, 81% used [0x00000000c0000000,0x00000000d0d4eea0,0x00000000d4a00000)
 Metaspace       used 88007K, committed 89280K, reserved 1130496K
  class space    used 8945K, committed 9536K, reserved 1048576K
}
Event: 2772,963 GC heap before
{Heap before GC invocations=223 (full 12):
 PSYoungGen      total 8192K, used 7152K [0x00000000eab00000, 0x00000000eb580000, 0x0000000100000000)
  eden space 6144K, 100% used [0x00000000eab00000,0x00000000eb100000,0x00000000eb100000)
  from space 2048K, 49% used [0x00000000eb200000,0x00000000eb2fc010,0x00000000eb400000)
  to   space 1536K, 0% used [0x00000000eb400000,0x00000000eb400000,0x00000000eb580000)
 ParOldGen       total 337920K, used 275771K [0x00000000c0000000, 0x00000000d4a00000, 0x00000000eab00000)
  object space 337920K, 81% used [0x00000000c0000000,0x00000000d0d4eea0,0x00000000d4a00000)
 Metaspace       used 88009K, committed 89280K, reserved 1130496K
  class space    used 8945K, committed 9536K, reserved 1048576K
}
Event: 2772,966 GC heap after
{Heap after GC invocations=223 (full 12):
 PSYoungGen      total 5632K, used 1524K [0x00000000eab00000, 0x00000000ebb00000, 0x0000000100000000)
  eden space 4096K, 0% used [0x00000000eab00000,0x00000000eab00000,0x00000000eaf00000)
  from space 1536K, 99% used [0x00000000eb400000,0x00000000eb57d0d0,0x00000000eb580000)
  to   space 5120K, 0% used [0x00000000eaf00000,0x00000000eaf00000,0x00000000eb400000)
 ParOldGen       total 337920K, used 278762K [0x00000000c0000000, 0x00000000d4a00000, 0x00000000eab00000)
  object space 337920K, 82% used [0x00000000c0000000,0x00000000d103a860,0x00000000d4a00000)
 Metaspace       used 88009K, committed 89280K, reserved 1130496K
  class space    used 8945K, committed 9536K, reserved 1048576K
}
Event: 2772,972 GC heap before
{Heap before GC invocations=224 (full 12):
 PSYoungGen      total 5632K, used 5620K [0x00000000eab00000, 0x00000000ebb00000, 0x0000000100000000)
  eden space 4096K, 100% used [0x00000000eab00000,0x00000000eaf00000,0x00000000eaf00000)
  from space 1536K, 99% used [0x00000000eb400000,0x00000000eb57d0d0,0x00000000eb580000)
  to   space 5120K, 0% used [0x00000000eaf00000,0x00000000eaf00000,0x00000000eb400000)
 ParOldGen       total 337920K, used 278762K [0x00000000c0000000, 0x00000000d4a00000, 0x00000000eab00000)
  object space 337920K, 82% used [0x00000000c0000000,0x00000000d103a860,0x00000000d4a00000)
 Metaspace       used 88009K, committed 89280K, reserved 1130496K
  class space    used 8945K, committed 9536K, reserved 1048576K
}
Event: 2772,975 GC heap after
{Heap after GC invocations=224 (full 12):
 PSYoungGen      total 9216K, used 5092K [0x00000000eab00000, 0x00000000ebb00000, 0x0000000100000000)
  eden space 4096K, 0% used [0x00000000eab00000,0x00000000eab00000,0x00000000eaf00000)
  from space 5120K, 99% used [0x00000000eaf00000,0x00000000eb3f90e0,0x00000000eb400000)
  to   space 6144K, 0% used [0x00000000eb500000,0x00000000eb500000,0x00000000ebb00000)
 ParOldGen       total 337920K, used 279226K [0x00000000c0000000, 0x00000000d4a00000, 0x00000000eab00000)
  object space 337920K, 82% used [0x00000000c0000000,0x00000000d10ae860,0x00000000d4a00000)
 Metaspace       used 88009K, committed 89280K, reserved 1130496K
  class space    used 8945K, committed 9536K, reserved 1048576K
}
Event: 2773,014 GC heap before
{Heap before GC invocations=225 (full 12):
 PSYoungGen      total 9216K, used 9167K [0x00000000eab00000, 0x00000000ebb00000, 0x0000000100000000)
  eden space 4096K, 99% used [0x00000000eab00000,0x00000000eaefacf8,0x00000000eaf00000)
  from space 5120K, 99% used [0x00000000eaf00000,0x00000000eb3f90e0,0x00000000eb400000)
  to   space 6144K, 0% used [0x00000000eb500000,0x00000000eb500000,0x00000000ebb00000)
 ParOldGen       total 337920K, used 279226K [0x00000000c0000000, 0x00000000d4a00000, 0x00000000eab00000)
  object space 337920K, 82% used [0x00000000c0000000,0x00000000d10ae860,0x00000000d4a00000)
 Metaspace       used 88009K, committed 89280K, reserved 1130496K
  class space    used 8945K, committed 9536K, reserved 1048576K
}
Event: 2773,015 GC heap after
{Heap after GC invocations=225 (full 12):
 PSYoungGen      total 5120K, used 736K [0x00000000eab00000, 0x00000000eb600000, 0x0000000100000000)
  eden space 4096K, 0% used [0x00000000eab00000,0x00000000eab00000,0x00000000eaf00000)
  from space 1024K, 71% used [0x00000000eb500000,0x00000000eb5b8000,0x00000000eb600000)
  to   space 2560K, 0% used [0x00000000eb100000,0x00000000eb100000,0x00000000eb380000)
 ParOldGen       total 337920K, used 279274K [0x00000000c0000000, 0x00000000d4a00000, 0x00000000eab00000)
  object space 337920K, 82% used [0x00000000c0000000,0x00000000d10ba860,0x00000000d4a00000)
 Metaspace       used 88009K, committed 89280K, reserved 1130496K
  class space    used 8945K, committed 9536K, reserved 1048576K
}
Event: 2773,020 GC heap before
{Heap before GC invocations=226 (full 12):
 PSYoungGen      total 5120K, used 4819K [0x00000000eab00000, 0x00000000eb600000, 0x0000000100000000)
  eden space 4096K, 99% used [0x00000000eab00000,0x00000000eaefcdd8,0x00000000eaf00000)
  from space 1024K, 71% used [0x00000000eb500000,0x00000000eb5b8000,0x00000000eb600000)
  to   space 2560K, 0% used [0x00000000eb100000,0x00000000eb100000,0x00000000eb380000)
 ParOldGen       total 337920K, used 279274K [0x00000000c0000000, 0x00000000d4a00000, 0x00000000eab00000)
  object space 337920K, 82% used [0x00000000c0000000,0x00000000d10ba860,0x00000000d4a00000)
 Metaspace       used 88009K, committed 89280K, reserved 1130496K
  class space    used 8945K, committed 9536K, reserved 1048576K
}
Event: 2773,024 GC heap after
{Heap after GC invocations=226 (full 12):
 PSYoungGen      total 7680K, used 2543K [0x00000000eab00000, 0x00000000ebb00000, 0x0000000100000000)
  eden space 5120K, 0% used [0x00000000eab00000,0x00000000eab00000,0x00000000eb000000)
  from space 2560K, 99% used [0x00000000eb100000,0x00000000eb37bc40,0x00000000eb380000)
  to   space 5632K, 0% used [0x00000000eb580000,0x00000000eb580000,0x00000000ebb00000)
 ParOldGen       total 337920K, used 281394K [0x00000000c0000000, 0x00000000d4a00000, 0x00000000eab00000)
  object space 337920K, 83% used [0x00000000c0000000,0x00000000d12cc860,0x00000000d4a00000)
 Metaspace       used 88009K, committed 89280K, reserved 1130496K
  class space    used 8945K, committed 9536K, reserved 1048576K
}
Event: 2773,287 GC heap before
{Heap before GC invocations=227 (full 12):
 PSYoungGen      total 7680K, used 7663K [0x00000000eab00000, 0x00000000ebb00000, 0x0000000100000000)
  eden space 5120K, 100% used [0x00000000eab00000,0x00000000eb000000,0x00000000eb000000)
  from space 2560K, 99% used [0x00000000eb100000,0x00000000eb37bc40,0x00000000eb380000)
  to   space 5632K, 0% used [0x00000000eb580000,0x00000000eb580000,0x00000000ebb00000)
 ParOldGen       total 337920K, used 281394K [0x00000000c0000000, 0x00000000d4a00000, 0x00000000eab00000)
  object space 337920K, 83% used [0x00000000c0000000,0x00000000d12cc860,0x00000000d4a00000)
 Metaspace       used 88012K, committed 89280K, reserved 1130496K
  class space    used 8945K, committed 9536K, reserved 1048576K
}
Event: 2773,289 GC heap after
{Heap after GC invocations=227 (full 12):
 PSYoungGen      total 8704K, used 2391K [0x00000000eab00000, 0x00000000eb800000, 0x0000000100000000)
  eden space 6144K, 0% used [0x00000000eab00000,0x00000000eab00000,0x00000000eb100000)
  from space 2560K, 93% used [0x00000000eb580000,0x00000000eb7d5c30,0x00000000eb800000)
  to   space 3584K, 0% used [0x00000000eb100000,0x00000000eb100000,0x00000000eb480000)
 ParOldGen       total 337920K, used 281434K [0x00000000c0000000, 0x00000000d4a00000, 0x00000000eab00000)
  object space 337920K, 83% used [0x00000000c0000000,0x00000000d12d6860,0x00000000d4a00000)
 Metaspace       used 88012K, committed 89280K, reserved 1130496K
  class space    used 8945K, committed 9536K, reserved 1048576K
}
Event: 2773,652 GC heap before
{Heap before GC invocations=228 (full 12):
 PSYoungGen      total 8704K, used 8531K [0x00000000eab00000, 0x00000000eb800000, 0x0000000100000000)
  eden space 6144K, 99% used [0x00000000eab00000,0x00000000eb0ff098,0x00000000eb100000)
  from space 2560K, 93% used [0x00000000eb580000,0x00000000eb7d5c30,0x00000000eb800000)
  to   space 3584K, 0% used [0x00000000eb100000,0x00000000eb100000,0x00000000eb480000)
 ParOldGen       total 337920K, used 281434K [0x00000000c0000000, 0x00000000d4a00000, 0x00000000eab00000)
  object space 337920K, 83% used [0x00000000c0000000,0x00000000d12d6860,0x00000000d4a00000)
 Metaspace       used 88012K, committed 89280K, reserved 1130496K
  class space    used 8945K, committed 9536K, reserved 1048576K
}
Event: 2773,654 GC heap after
{Heap after GC invocations=228 (full 12):
 PSYoungGen      total 9216K, used 2631K [0x00000000eab00000, 0x00000000eb700000, 0x0000000100000000)
  eden space 6144K, 0% used [0x00000000eab00000,0x00000000eab00000,0x00000000eb100000)
  from space 3072K, 85% used [0x00000000eb100000,0x00000000eb391c40,0x00000000eb400000)
  to   space 3072K, 0% used [0x00000000eb400000,0x00000000eb400000,0x00000000eb700000)
 ParOldGen       total 337920K, used 281474K [0x00000000c0000000, 0x00000000d4a00000, 0x00000000eab00000)
  object space 337920K, 83% used [0x00000000c0000000,0x00000000d12e0860,0x00000000d4a00000)
 Metaspace       used 88012K, committed 89280K, reserved 1130496K
  class space    used 8945K, committed 9536K, reserved 1048576K
}

