# JRE version: OpenJDK Runtime Environment Temurin-17.0.4.1+1 (17.0.4.1+1) (build 17.0.4.1+1)
# Java VM: OpenJDK 64-Bit Server VM Temurin-17.0.4.1+1 (17.0.4.1+1, mixed mode, tiered, compressed oops, compressed class ptrs, parallel gc, linux-amd64)
GC Precious Log:
 CPUs: 8 total, 8 available
 Memory: 30009M
 Large Page Support: Disabled
 NUMA Support: Disabled
 Compressed Oops: Enabled (32-bit)
 Alignments: Space 512K, Generation 512K, Heap 2M
 Heap Min Capacity: 100M
 Heap Initial Capacity: 100M
 Heap Max Capacity: 1G
 Pre-touch: Disabled
 Parallel Workers: 8
Heap:
 PSYoungGen      total 7168K, used 3671K [0x00000000eab00000, 0x00000000eb580000, 0x0000000100000000)
  eden space 5120K, 39% used [0x00000000eab00000,0x00000000eacf9c90,0x00000000eb000000)
  from space 2048K, 80% used [0x00000000eb380000,0x00000000eb51c000,0x00000000eb580000)
  to   space 2560K, 0% used [0x00000000eb080000,0x00000000eb080000,0x00000000eb300000)
 ParOldGen       total 144896K, used 122470K [0x00000000c0000000, 0x00000000c8d80000, 0x00000000eab00000)
  object space 144896K, 84% used [0x00000000c0000000,0x00000000c7799900,0x00000000c8d80000)
 Metaspace       used 86639K, committed 87936K, reserved 1130496K
  class space    used 8892K, committed 9408K, reserved 1048576K
GC Heap History (20 events):
Event: 427,143 GC heap before
{Heap before GC invocations=1658 (full 69):
 PSYoungGen      total 2560K, used 2144K [0x00000000eab00000, 0x00000000eaf00000, 0x0000000100000000)
  eden space 1536K, 100% used [0x00000000eab00000,0x00000000eac80000,0x00000000eac80000)
  from space 1024K, 59% used [0x00000000ead80000,0x00000000eae18000,0x00000000eae80000)
  to   space 1024K, 0% used [0x00000000eac80000,0x00000000eac80000,0x00000000ead80000)
 ParOldGen       total 137216K, used 126714K [0x00000000c0000000, 0x00000000c8600000, 0x00000000eab00000)
  object space 137216K, 92% used [0x00000000c0000000,0x00000000c7bbe818,0x00000000c8600000)
 Metaspace       used 86604K, committed 87936K, reserved 1130496K
  class space    used 8892K, committed 9408K, reserved 1048576K
}
Event: 427,144 GC heap after
{Heap after GC invocations=1658 (full 69):
 PSYoungGen      total 2560K, used 160K [0x00000000eab00000, 0x00000000eae00000, 0x0000000100000000)
  eden space 1536K, 0% used [0x00000000eab00000,0x00000000eab00000,0x00000000eac80000)
  from space 1024K, 15% used [0x00000000eac80000,0x00000000eaca8000,0x00000000ead80000)
  to   space 512K, 0% used [0x00000000ead80000,0x00000000ead80000,0x00000000eae00000)
 ParOldGen       total 137216K, used 127278K [0x00000000c0000000, 0x00000000c8600000, 0x00000000eab00000)
  object space 137216K, 92% used [0x00000000c0000000,0x00000000c7c4b828,0x00000000c8600000)
 Metaspace       used 86604K, committed 87936K, reserved 1130496K
  class space    used 8892K, committed 9408K, reserved 1048576K
}
Event: 427,415 GC heap before
{Heap before GC invocations=1659 (full 69):
 PSYoungGen      total 2560K, used 1587K [0x00000000eab00000, 0x00000000eae00000, 0x0000000100000000)
  eden space 1536K, 92% used [0x00000000eab00000,0x00000000eac64dd8,0x00000000eac80000)
  from space 1024K, 15% used [0x00000000eac80000,0x00000000eaca8000,0x00000000ead80000)
  to   space 512K, 0% used [0x00000000ead80000,0x00000000ead80000,0x00000000eae00000)
 ParOldGen       total 137216K, used 127278K [0x00000000c0000000, 0x00000000c8600000, 0x00000000eab00000)
  object space 137216K, 92% used [0x00000000c0000000,0x00000000c7c4b828,0x00000000c8600000)
 Metaspace       used 86614K, committed 87936K, reserved 1130496K
  class space    used 8892K, committed 9408K, reserved 1048576K
}
Event: 427,416 GC heap after
{Heap after GC invocations=1659 (full 69):
 PSYoungGen      total 2560K, used 160K [0x00000000eab00000, 0x00000000eae00000, 0x0000000100000000)
  eden space 2048K, 0% used [0x00000000eab00000,0x00000000eab00000,0x00000000ead00000)
  from space 512K, 31% used [0x00000000ead80000,0x00000000eada8000,0x00000000eae00000)
  to   space 512K, 0% used [0x00000000ead00000,0x00000000ead00000,0x00000000ead80000)
 ParOldGen       total 137216K, used 127318K [0x00000000c0000000, 0x00000000c8600000, 0x00000000eab00000)
  object space 137216K, 92% used [0x00000000c0000000,0x00000000c7c55828,0x00000000c8600000)
 Metaspace       used 86614K, committed 87936K, reserved 1130496K
  class space    used 8892K, committed 9408K, reserved 1048576K
}
Event: 427,419 GC heap before
{Heap before GC invocations=1660 (full 69):
 PSYoungGen      total 2560K, used 2208K [0x00000000eab00000, 0x00000000eae00000, 0x0000000100000000)
  eden space 2048K, 100% used [0x00000000eab00000,0x00000000ead00000,0x00000000ead00000)
  from space 512K, 31% used [0x00000000ead80000,0x00000000eada8000,0x00000000eae00000)
  to   space 512K, 0% used [0x00000000ead00000,0x00000000ead00000,0x00000000ead80000)
 ParOldGen       total 137216K, used 127318K [0x00000000c0000000, 0x00000000c8600000, 0x00000000eab00000)
  object space 137216K, 92% used [0x00000000c0000000,0x00000000c7c55828,0x00000000c8600000)
 Metaspace       used 86614K, committed 87936K, reserved 1130496K
  class space    used 8892K, committed 9408K, reserved 1048576K
}
Event: 427,420 GC heap after
{Heap after GC invocations=1660 (full 69):
 PSYoungGen      total 2560K, used 490K [0x00000000eab00000, 0x00000000eb280000, 0x0000000100000000)
  eden space 2048K, 0% used [0x00000000eab00000,0x00000000eab00000,0x00000000ead00000)
  from space 512K, 95% used [0x00000000ead00000,0x00000000ead7a868,0x00000000ead80000)
  to   space 2560K, 0% used [0x00000000eb000000,0x00000000eb000000,0x00000000eb280000)
 ParOldGen       total 137216K, used 128888K [0x00000000c0000000, 0x00000000c8600000, 0x00000000eab00000)
  object space 137216K, 93% used [0x00000000c0000000,0x00000000c7dde090,0x00000000c8600000)
 Metaspace       used 86614K, committed 87936K, reserved 1130496K
  class space    used 8892K, committed 9408K, reserved 1048576K
}
Event: 427,423 GC heap before
{Heap before GC invocations=1661 (full 69):
 PSYoungGen      total 2560K, used 2538K [0x00000000eab00000, 0x00000000eb280000, 0x0000000100000000)
  eden space 2048K, 100% used [0x00000000eab00000,0x00000000ead00000,0x00000000ead00000)
  from space 512K, 95% used [0x00000000ead00000,0x00000000ead7a868,0x00000000ead80000)
  to   space 2560K, 0% used [0x00000000eb000000,0x00000000eb000000,0x00000000eb280000)
 ParOldGen       total 137216K, used 128888K [0x00000000c0000000, 0x00000000c8600000, 0x00000000eab00000)
  object space 137216K, 93% used [0x00000000c0000000,0x00000000c7dde090,0x00000000c8600000)
 Metaspace       used 86614K, committed 87936K, reserved 1130496K
  class space    used 8892K, committed 9408K, reserved 1048576K
}
Event: 427,425 GC heap after
{Heap after GC invocations=1661 (full 69):
 PSYoungGen      total 5120K, used 2112K [0x00000000eab00000, 0x00000000eb280000, 0x0000000100000000)
  eden space 2560K, 0% used [0x00000000eab00000,0x00000000eab00000,0x00000000ead80000)
  from space 2560K, 82% used [0x00000000eb000000,0x00000000eb210000,0x00000000eb280000)
  to   space 2560K, 0% used [0x00000000ead80000,0x00000000ead80000,0x00000000eb000000)
 ParOldGen       total 137216K, used 129410K [0x00000000c0000000, 0x00000000c8600000, 0x00000000eab00000)
  object space 137216K, 94% used [0x00000000c0000000,0x00000000c7e608f8,0x00000000c8600000)
 Metaspace       used 86614K, committed 87936K, reserved 1130496K
  class space    used 8892K, committed 9408K, reserved 1048576K
}
Event: 427,430 GC heap before
{Heap before GC invocations=1662 (full 69):
 PSYoungGen      total 5120K, used 4672K [0x00000000eab00000, 0x00000000eb280000, 0x0000000100000000)
  eden space 2560K, 100% used [0x00000000eab00000,0x00000000ead80000,0x00000000ead80000)
  from space 2560K, 82% used [0x00000000eb000000,0x00000000eb210000,0x00000000eb280000)
  to   space 2560K, 0% used [0x00000000ead80000,0x00000000ead80000,0x00000000eb000000)
 ParOldGen       total 137216K, used 129410K [0x00000000c0000000, 0x00000000c8600000, 0x00000000eab00000)
  object space 137216K, 94% used [0x00000000c0000000,0x00000000c7e608f8,0x00000000c8600000)
 Metaspace       used 86614K, committed 87936K, reserved 1130496K
  class space    used 8892K, committed 9408K, reserved 1048576K
}
Event: 427,433 GC heap after
{Heap after GC invocations=1662 (full 69):
 PSYoungGen      total 5120K, used 2560K [0x00000000eab00000, 0x00000000eb800000, 0x0000000100000000)
  eden space 2560K, 0% used [0x00000000eab00000,0x00000000eab00000,0x00000000ead80000)
  from space 2560K, 100% used [0x00000000ead80000,0x00000000eb000000,0x00000000eb000000)
  to   space 5120K, 0% used [0x00000000eb300000,0x00000000eb300000,0x00000000eb800000)
 ParOldGen       total 137216K, used 131474K [0x00000000c0000000, 0x00000000c8600000, 0x00000000eab00000)
  object space 137216K, 95% used [0x00000000c0000000,0x00000000c80648f8,0x00000000c8600000)
 Metaspace       used 86614K, committed 87936K, reserved 1130496K
  class space    used 8892K, committed 9408K, reserved 1048576K
}
Event: 427,441 GC heap before
{Heap before GC invocations=1663 (full 69):
 PSYoungGen      total 5120K, used 5024K [0x00000000eab00000, 0x00000000eb800000, 0x0000000100000000)
  eden space 2560K, 96% used [0x00000000eab00000,0x00000000ead68198,0x00000000ead80000)
  from space 2560K, 100% used [0x00000000ead80000,0x00000000eb000000,0x00000000eb000000)
  to   space 5120K, 0% used [0x00000000eb300000,0x00000000eb300000,0x00000000eb800000)
 ParOldGen       total 137216K, used 131474K [0x00000000c0000000, 0x00000000c8600000, 0x00000000eab00000)
  object space 137216K, 95% used [0x00000000c0000000,0x00000000c80648f8,0x00000000c8600000)
 Metaspace       used 86614K, committed 87936K, reserved 1130496K
  class space    used 8892K, committed 9408K, reserved 1048576K
}
Event: 427,445 GC heap after
{Heap after GC invocations=1663 (full 69):
 PSYoungGen      total 5632K, used 2400K [0x00000000eab00000, 0x00000000eb580000, 0x0000000100000000)
  eden space 3072K, 0% used [0x00000000eab00000,0x00000000eab00000,0x00000000eae00000)
  from space 2560K, 93% used [0x00000000eb300000,0x00000000eb558000,0x00000000eb580000)
  to   space 3584K, 0% used [0x00000000eae80000,0x00000000eae80000,0x00000000eb200000)
 ParOldGen       total 137216K, used 134018K [0x00000000c0000000, 0x00000000c8600000, 0x00000000eab00000)
  object space 137216K, 97% used [0x00000000c0000000,0x00000000c82e08f8,0x00000000c8600000)
 Metaspace       used 86614K, committed 87936K, reserved 1130496K
  class space    used 8892K, committed 9408K, reserved 1048576K
}
Event: 427,478 GC heap before
{Heap before GC invocations=1664 (full 69):
 PSYoungGen      total 5632K, used 5471K [0x00000000eab00000, 0x00000000eb580000, 0x0000000100000000)
  eden space 3072K, 99% used [0x00000000eab00000,0x00000000eadfffc8,0x00000000eae00000)
  from space 2560K, 93% used [0x00000000eb300000,0x00000000eb558000,0x00000000eb580000)
  to   space 3584K, 0% used [0x00000000eae80000,0x00000000eae80000,0x00000000eb200000)
 ParOldGen       total 137216K, used 134018K [0x00000000c0000000, 0x00000000c8600000, 0x00000000eab00000)
  object space 137216K, 97% used [0x00000000c0000000,0x00000000c82e08f8,0x00000000c8600000)
 Metaspace       used 86614K, committed 87936K, reserved 1130496K
  class space    used 8892K, committed 9408K, reserved 1048576K
}
Event: 427,481 GC heap after
{Heap after GC invocations=1664 (full 69):
 PSYoungGen      total 7168K, used 2647K [0x00000000eab00000, 0x00000000eb500000, 0x0000000100000000)
  eden space 3584K, 0% used [0x00000000eab00000,0x00000000eab00000,0x00000000eae80000)
  from space 3584K, 73% used [0x00000000eae80000,0x00000000eb115c30,0x00000000eb200000)
  to   space 3072K, 0% used [0x00000000eb200000,0x00000000eb200000,0x00000000eb500000)
 ParOldGen       total 137216K, used 136106K [0x00000000c0000000, 0x00000000c8600000, 0x00000000eab00000)
  object space 137216K, 99% used [0x00000000c0000000,0x00000000c84ea8f8,0x00000000c8600000)
 Metaspace       used 86614K, committed 87936K, reserved 1130496K
  class space    used 8892K, committed 9408K, reserved 1048576K
}
Event: 427,481 GC heap before
{Heap before GC invocations=1665 (full 70):
 PSYoungGen      total 7168K, used 2647K [0x00000000eab00000, 0x00000000eb500000, 0x0000000100000000)
  eden space 3584K, 0% used [0x00000000eab00000,0x00000000eab00000,0x00000000eae80000)
  from space 3584K, 73% used [0x00000000eae80000,0x00000000eb115c30,0x00000000eb200000)
  to   space 3072K, 0% used [0x00000000eb200000,0x00000000eb200000,0x00000000eb500000)
 ParOldGen       total 137216K, used 136106K [0x00000000c0000000, 0x00000000c8600000, 0x00000000eab00000)
  object space 137216K, 99% used [0x00000000c0000000,0x00000000c84ea8f8,0x00000000c8600000)
 Metaspace       used 86614K, committed 87936K, reserved 1130496K
  class space    used 8892K, committed 9408K, reserved 1048576K
}
Event: 427,569 GC heap after
{Heap after GC invocations=1665 (full 70):
 PSYoungGen      total 7168K, used 0K [0x00000000eab00000, 0x00000000eb580000, 0x0000000100000000)
  eden space 4096K, 0% used [0x00000000eab00000,0x00000000eab00000,0x00000000eaf00000)
  from space 3072K, 0% used [0x00000000eb200000,0x00000000eb200000,0x00000000eb500000)
  to   space 3072K, 0% used [0x00000000eaf00000,0x00000000eaf00000,0x00000000eb200000)
 ParOldGen       total 144896K, used 118871K [0x00000000c0000000, 0x00000000c8d80000, 0x00000000eab00000)
  object space 144896K, 82% used [0x00000000c0000000,0x00000000c7415ea0,0x00000000c8d80000)
 Metaspace       used 86614K, committed 87936K, reserved 1130496K
  class space    used 8892K, committed 9408K, reserved 1048576K
}
Event: 427,574 GC heap before
{Heap before GC invocations=1666 (full 70):
 PSYoungGen      total 7168K, used 4096K [0x00000000eab00000, 0x00000000eb580000, 0x0000000100000000)
  eden space 4096K, 100% used [0x00000000eab00000,0x00000000eaf00000,0x00000000eaf00000)
  from space 3072K, 0% used [0x00000000eb200000,0x00000000eb200000,0x00000000eb500000)
  to   space 3072K, 0% used [0x00000000eaf00000,0x00000000eaf00000,0x00000000eb200000)
 ParOldGen       total 144896K, used 118872K [0x00000000c0000000, 0x00000000c8d80000, 0x00000000eab00000)
  object space 144896K, 82% used [0x00000000c0000000,0x00000000c7416120,0x00000000c8d80000)
 Metaspace       used 86615K, committed 87936K, reserved 1130496K
  class space    used 8892K, committed 9408K, reserved 1048576K
}
Event: 427,578 GC heap after
{Heap after GC invocations=1666 (full 70):
 PSYoungGen      total 7168K, used 3064K [0x00000000eab00000, 0x00000000eb780000, 0x0000000100000000)
  eden space 4096K, 0% used [0x00000000eab00000,0x00000000eab00000,0x00000000eaf00000)
  from space 3072K, 99% used [0x00000000eaf00000,0x00000000eb1fe0d8,0x00000000eb200000)
  to   space 4096K, 0% used [0x00000000eb380000,0x00000000eb380000,0x00000000eb780000)
 ParOldGen       total 144896K, used 119312K [0x00000000c0000000, 0x00000000c8d80000, 0x00000000eab00000)
  object space 144896K, 82% used [0x00000000c0000000,0x00000000c7484120,0x00000000c8d80000)
 Metaspace       used 86615K, committed 87936K, reserved 1130496K
  class space    used 8892K, committed 9408K, reserved 1048576K
}
Event: 427,588 GC heap before
{Heap before GC invocations=1667 (full 70):
 PSYoungGen      total 7168K, used 7160K [0x00000000eab00000, 0x00000000eb780000, 0x0000000100000000)
  eden space 4096K, 100% used [0x00000000eab00000,0x00000000eaf00000,0x00000000eaf00000)
  from space 3072K, 99% used [0x00000000eaf00000,0x00000000eb1fe0d8,0x00000000eb200000)
  to   space 4096K, 0% used [0x00000000eb380000,0x00000000eb380000,0x00000000eb780000)
 ParOldGen       total 144896K, used 119650K [0x00000000c0000000, 0x00000000c8d80000, 0x00000000eab00000)
  object space 144896K, 82% used [0x00000000c0000000,0x00000000c74d88d0,0x00000000c8d80000)
 Metaspace       used 86616K, committed 87936K, reserved 1130496K
  class space    used 8892K, committed 9408K, reserved 1048576K
}
Event: 427,591 GC heap after
{Heap after GC invocations=1667 (full 70):
 PSYoungGen      total 7168K, used 1648K [0x00000000eab00000, 0x00000000eb580000, 0x0000000100000000)
  eden space 5120K, 0% used [0x00000000eab00000,0x00000000eab00000,0x00000000eb000000)
  from space 2048K, 80% used [0x00000000eb380000,0x00000000eb51c000,0x00000000eb580000)
  to   space 2560K, 0% used [0x00000000eb080000,0x00000000eb080000,0x00000000eb300000)
 ParOldGen       total 144896K, used 122470K [0x00000000c0000000, 0x00000000c8d80000, 0x00000000eab00000)
  object space 144896K, 84% used [0x00000000c0000000,0x00000000c7799900,0x00000000c8d80000)
 Metaspace       used 86616K, committed 87936K, reserved 1130496K
  class space    used 8892K, committed 9408K, reserved 1048576K
}

